<?xml version="1.0" encoding="UTF-8"?>
<!-- Generated by org.testng.reporters.JUnitReportReporter -->
<testsuite skipped="0" hostname="njp005231" name="com.thiago.teste.GoogleSearchTest" tests="2" failures="0" timestamp="17 abr 2020 21:43:09 GMT" time="6.082" errors="0">
  <testcase name="google1" time="2.251" classname="com.thiago.teste.GoogleSearchTest"/>
  <testcase name="google0" time="3.831" classname="com.thiago.teste.GoogleSearchTest"/>
</testsuite> <!-- com.thiago.teste.GoogleSearchTest -->
